<?xml version="1.0" encoding="UTF-8"?>
<!-- Generated by org.testng.reporters.JUnitXMLReporter -->
<testsuite hostname="WGC100CVFRDC2" ignored="0" name="Default test" tests="18" failures="0" timestamp="02 Oct 2018 12:08:05 GMT" time="0.081" errors="0">
  <testcase name="testMethod1" time="0.016" classname="annotations.GroupOfGroups_4"/>
  <testcase name="testMethod2" time="0.0" classname="annotations.GroupOfGroups_4"/>
  <testcase name="testMethod3" time="0.0" classname="annotations.GroupOfGroups_4"/>
  <testcase name="testMethod4" time="0.0" classname="annotations.GroupOfGroups_4"/>
  <testcase name="testMethod5" time="0.0" classname="annotations.GroupOfGroups_4"/>
  <testcase name="testM1" time="0.016" classname="annotations.Sequence_1"/>
  <testcase name="testMethod1" time="0.0" classname="annotations.Groups_2"/>
  <testcase name="testMethod3" time="0.0" classname="annotations.Groups_2"/>
  <testcase name="testMethod4" time="0.005" classname="annotations.Groups_2"/>
  <testcase name="tetsMethod2" time="0.0" classname="annotations.Groups_2"/>
  <testcase name="disabledTestMethod1" time="0.0" classname="annotations.MethodGroups_3"/>
  <testcase name="disabledTestMethod2" time="0.0" classname="annotations.MethodGroups_3"/>
  <testcase name="enableTestMethod1" time="0.004" classname="annotations.MethodGroups_3"/>
  <testcase name="enableTestMethod2" time="0.0" classname="annotations.MethodGroups_3"/>
  <testcase name="testMethod1" time="0.004" classname="annotations.ExcludeGroups_5"/>
  <testcase name="testMethod2" time="0.0" classname="annotations.ExcludeGroups_5"/>
  <testcase name="testMethod4" time="0.0" classname="annotations.ExcludeGroups_5"/>
  <testcase name="tetsMethod3" time="0.0" classname="annotations.ExcludeGroups_5"/>
</testsuite> <!-- Default test -->
