<?xml version="1.0" encoding="UTF-8"?>
<!-- Generated by org.testng.reporters.JUnitXMLReporter -->
<testsuite hostname="WGC100CVFRDC2" ignored="3" name="Excluding Test" tests="1" failures="0" timestamp="05 Oct 2018 10:36:12 GMT" time="0.0" errors="0">
  <testcase name="testMethod4" time="0.0" classname="annotations.ExcludeGroups_5"/>
  <testcase name="testMethod2" time="0.0" classname="annotations.ExcludeGroups_5">
    <ignored/>
  </testcase> <!-- testMethod2 -->
  <testcase name="testMethod1" time="0.0" classname="annotations.ExcludeGroups_5">
    <ignored/>
  </testcase> <!-- testMethod1 -->
  <testcase name="tetsMethod3" time="0.0" classname="annotations.ExcludeGroups_5">
    <ignored/>
  </testcase> <!-- tetsMethod3 -->
</testsuite> <!-- Excluding Test -->
