<?xml version="1.0" encoding="UTF-8"?>
<!-- Generated by org.testng.reporters.JUnitXMLReporter -->
<testsuite hostname="WGC100CVFRDC2" ignored="2" name="Functional" tests="2" failures="0" timestamp="05 Oct 2018 10:36:12 GMT" time="0.015" errors="0">
  <testcase name="testMethod1" time="0.0" classname="annotations.Groups_2"/>
  <testcase name="tetsMethod2" time="0.0" classname="annotations.Groups_2"/>
  <testcase name="testMethod4" time="0.0" classname="annotations.Groups_2">
    <ignored/>
  </testcase> <!-- testMethod4 -->
  <testcase name="testMethod3" time="0.0" classname="annotations.Groups_2">
    <ignored/>
  </testcase> <!-- testMethod3 -->
</testsuite> <!-- Functional -->
