<?xml version="1.0" encoding="UTF-8"?>
<!-- Generated by org.testng.reporters.JUnitXMLReporter -->
<testsuite hostname="WGC100CVFRDC2" ignored="2" name="Group of Groups" tests="3" failures="0" timestamp="05 Oct 2018 10:36:12 GMT" time="0.0" errors="0">
  <testcase name="testMethod1" time="0.0" classname="annotations.GroupOfGroups_4"/>
  <testcase name="testMethod2" time="0.0" classname="annotations.GroupOfGroups_4"/>
  <testcase name="testMethod3" time="0.0" classname="annotations.GroupOfGroups_4"/>
  <testcase name="testMethod5" time="0.0" classname="annotations.GroupOfGroups_4">
    <ignored/>
  </testcase> <!-- testMethod5 -->
  <testcase name="testMethod4" time="0.0" classname="annotations.GroupOfGroups_4">
    <ignored/>
  </testcase> <!-- testMethod4 -->
</testsuite> <!-- Group of Groups -->
