<?xml version="1.0" encoding="UTF-8"?>
<!-- Generated by org.testng.reporters.JUnitXMLReporter -->
<testsuite hostname="WGC100CVFRDC2" ignored="4" tests="0" failures="0" timestamp="05 Oct 2018 10:36:12 GMT" time="0.0" errors="0">
  <testcase name="enableTestMethod1" time="0.0" classname="annotations.MethodGroups_3">
    <ignored/>
  </testcase> <!-- enableTestMethod1 -->
  <testcase name="enableTestMethod2" time="0.0" classname="annotations.MethodGroups_3">
    <ignored/>
  </testcase> <!-- enableTestMethod2 -->
  <testcase name="disabledTestMethod2" time="0.0" classname="annotations.MethodGroups_3">
    <ignored/>
  </testcase> <!-- disabledTestMethod2 -->
  <testcase name="disabledTestMethod1" time="0.0" classname="annotations.MethodGroups_3">
    <ignored/>
  </testcase> <!-- disabledTestMethod1 -->
</testsuite>
