<?xml version="1.0" encoding="UTF-8"?>
<!-- Generated by org.testng.reporters.JUnitXMLReporter -->
<testsuite hostname="WGC100CVFRDC2" ignored="1" name="Regression" tests="3" failures="0" timestamp="30 Sep 2018 12:45:35 GMT" time="0.016" errors="0">
  <testcase name="testMethod3" time="0.016" classname="annotations.Groups"/>
  <testcase name="testMethod4" time="0.0" classname="annotations.Groups"/>
  <testcase name="tetsMethod2" time="0.0" classname="annotations.Groups"/>
  <testcase name="testMethod1" time="0.0" classname="annotations.Groups">
    <ignored/>
  </testcase> <!-- testMethod1 -->
</testsuite> <!-- Regression -->
