<?xml version="1.0" encoding="UTF-8"?>
<testng-results skipped="0" failed="0" ignored="3" total="9" passed="6">
  <reporter-output>
  </reporter-output>
  <suite name="Suite" duration-ms="94" started-at="2018-09-30T12:45:35Z" finished-at="2018-09-30T12:45:35Z">
    <groups>
      <group name="functional">
        <method signature="Groups.tetsMethod2()[pri:0, instance:annotations.Groups@343f4d3d]" name="tetsMethod2" class="annotations.Groups"/>
        <method signature="Groups.testMethod1()[pri:0, instance:annotations.Groups@204f30ec]" name="testMethod1" class="annotations.Groups"/>
        <method signature="Groups.tetsMethod2()[pri:0, instance:annotations.Groups@204f30ec]" name="tetsMethod2" class="annotations.Groups"/>
      </group> <!-- functional -->
      <group name="smoke">
        <method signature="Groups.testMethod3()[pri:0, instance:annotations.Groups@343f4d3d]" name="testMethod3" class="annotations.Groups"/>
        <method signature="Groups.testMethod4()[pri:0, instance:annotations.Groups@343f4d3d]" name="testMethod4" class="annotations.Groups"/>
        <method signature="Groups.tetsMethod2()[pri:0, instance:annotations.Groups@343f4d3d]" name="tetsMethod2" class="annotations.Groups"/>
        <method signature="Groups.tetsMethod2()[pri:0, instance:annotations.Groups@204f30ec]" name="tetsMethod2" class="annotations.Groups"/>
      </group> <!-- smoke -->
    </groups>
    <test name="Simple" duration-ms="32" started-at="2018-09-30T12:45:35Z" finished-at="2018-09-30T12:45:35Z">
      <class name="annotations.Sequence">
        <test-method status="PASS" signature="beforeTest()[pri:0, instance:annotations.Sequence@5b275dab]" name="beforeTest" is-config="true" duration-ms="0" started-at="2018-09-30T18:15:35Z" finished-at="2018-09-30T18:15:35Z">
          <reporter-output>
          </reporter-output>
        </test-method> <!-- beforeTest -->
        <test-method status="PASS" signature="beforeMethod()[pri:0, instance:annotations.Sequence@5b275dab]" name="beforeMethod" is-config="true" duration-ms="0" started-at="2018-09-30T18:15:35Z" finished-at="2018-09-30T18:15:35Z">
          <reporter-output>
          </reporter-output>
        </test-method> <!-- beforeMethod -->
        <test-method status="PASS" signature="testM1()[pri:0, instance:annotations.Sequence@5b275dab]" name="testM1" duration-ms="16" started-at="2018-09-30T18:15:35Z" finished-at="2018-09-30T18:15:35Z">
          <reporter-output>
          </reporter-output>
        </test-method> <!-- testM1 -->
        <test-method status="PASS" signature="beforeClass()[pri:0, instance:annotations.Sequence@5b275dab]" name="beforeClass" is-config="true" duration-ms="0" started-at="2018-09-30T18:15:35Z" finished-at="2018-09-30T18:15:35Z">
          <reporter-output>
          </reporter-output>
        </test-method> <!-- beforeClass -->
        <test-method status="PASS" signature="afterClass()[pri:0, instance:annotations.Sequence@5b275dab]" name="afterClass" is-config="true" duration-ms="0" started-at="2018-09-30T18:15:35Z" finished-at="2018-09-30T18:15:35Z">
          <reporter-output>
          </reporter-output>
        </test-method> <!-- afterClass -->
        <test-method status="PASS" signature="afterMethod()[pri:0, instance:annotations.Sequence@5b275dab]" name="afterMethod" is-config="true" duration-ms="0" started-at="2018-09-30T18:15:35Z" finished-at="2018-09-30T18:15:35Z">
          <reporter-output>
          </reporter-output>
        </test-method> <!-- afterMethod -->
        <test-method status="PASS" signature="afterTest()[pri:0, instance:annotations.Sequence@5b275dab]" name="afterTest" is-config="true" duration-ms="0" started-at="2018-09-30T18:15:35Z" finished-at="2018-09-30T18:15:35Z">
          <reporter-output>
          </reporter-output>
        </test-method> <!-- afterTest -->
      </class> <!-- annotations.Sequence -->
    </test> <!-- Simple -->
    <test name="Regression" duration-ms="16" started-at="2018-09-30T12:45:35Z" finished-at="2018-09-30T12:45:35Z">
      <class name="annotations.Groups">
        <test-method status="PASS" signature="testMethod3()[pri:0, instance:annotations.Groups@343f4d3d]" name="testMethod3" duration-ms="16" started-at="2018-09-30T18:15:35Z" finished-at="2018-09-30T18:15:35Z">
          <reporter-output>
          </reporter-output>
        </test-method> <!-- testMethod3 -->
        <test-method status="PASS" signature="testMethod4()[pri:0, instance:annotations.Groups@343f4d3d]" name="testMethod4" duration-ms="0" started-at="2018-09-30T18:15:35Z" finished-at="2018-09-30T18:15:35Z">
          <reporter-output>
          </reporter-output>
        </test-method> <!-- testMethod4 -->
        <test-method status="PASS" signature="tetsMethod2()[pri:0, instance:annotations.Groups@343f4d3d]" name="tetsMethod2" duration-ms="0" started-at="2018-09-30T18:15:35Z" finished-at="2018-09-30T18:15:35Z">
          <reporter-output>
          </reporter-output>
        </test-method> <!-- tetsMethod2 -->
      </class> <!-- annotations.Groups -->
    </test> <!-- Regression -->
    <test name="Functional" duration-ms="0" started-at="2018-09-30T12:45:35Z" finished-at="2018-09-30T12:45:35Z">
      <class name="annotations.Groups">
        <test-method status="PASS" signature="tetsMethod2()[pri:0, instance:annotations.Groups@204f30ec]" name="tetsMethod2" duration-ms="0" started-at="2018-09-30T18:15:35Z" finished-at="2018-09-30T18:15:35Z">
          <reporter-output>
          </reporter-output>
        </test-method> <!-- tetsMethod2 -->
        <test-method status="PASS" signature="testMethod1()[pri:0, instance:annotations.Groups@204f30ec]" name="testMethod1" duration-ms="0" started-at="2018-09-30T18:15:35Z" finished-at="2018-09-30T18:15:35Z">
          <reporter-output>
          </reporter-output>
        </test-method> <!-- testMethod1 -->
      </class> <!-- annotations.Groups -->
      <class name="annotations.Sequence">
        <test-method status="PASS" signature="beforeSuite()[pri:0, instance:annotations.Sequence@5b275dab]" name="beforeSuite" is-config="true" duration-ms="15" started-at="2018-09-30T18:15:35Z" finished-at="2018-09-30T18:15:35Z">
          <reporter-output>
          </reporter-output>
        </test-method> <!-- beforeSuite -->
        <test-method status="PASS" signature="afterSuite()[pri:0, instance:annotations.Sequence@5b275dab]" name="afterSuite" is-config="true" duration-ms="0" started-at="2018-09-30T18:15:35Z" finished-at="2018-09-30T18:15:35Z">
          <reporter-output>
          </reporter-output>
        </test-method> <!-- afterSuite -->
      </class> <!-- annotations.Sequence -->
    </test> <!-- Functional -->
  </suite> <!-- Suite -->
</testng-results>
